<?xml version="1.0" encoding="utf-8"?><testsuites name="pytest tests"><testsuite name="pytest" errors="0" failures="1" skipped="0" tests="12" time="62.543" timestamp="2026-09-12T05:20:53.958898+00:00" hostname="agent-env-5e828188-ce47-411f-8eae-3b32b7dad8d9"><testcase classname="tests.test_smart_buy" name="test_health" time="0.438" /><testcase classname="tests.test_smart_buy" name="test_search_basic" time="0.816" /><testcase classname="tests.test_smart_buy" name="test_search_short_query" time="0.073" /><testcase classname="tests.test_smart_buy" name="test_search_sort_price_asc" time="0.787" /><testcase classname="tests.test_smart_buy" name="test_search_filters" time="0.711" /><testcase classname="tests.test_smart_buy" name="test_recent_products" time="0.082" /><testcase classname="tests.test_smart_buy" name="test_product_detail" time="0.103"><failure message="AssertionError: assert 'positive' == 'neutral'&#10;  &#10;  - neutral&#10;  + positive">backend/tests/test_smart_buy.py:91: in test_product_detail
    assert d["deal"]["tone"] == "neutral"
E   AssertionError: assert 'positive' == 'neutral'
E     
E     - neutral
E     + positive</failure></testcase><testcase classname="tests.test_smart_buy" name="test_product_not_found" time="0.072" /><testcase classname="tests.test_smart_buy" name="test_refresh_reviews_honest" time="0.434" /><testcase classname="tests.test_smart_buy" name="test_analyze_reviews_insufficient" time="0.081" /><testcase classname="tests.test_smart_buy" name="test_compare_two" time="26.723" /><testcase classname="tests.test_smart_buy" name="test_recommend" time="26.844" /></testsuite></testsuites>